<?xml version="1.0" encoding="UTF-8"?>
<!-- Generated by org.testng.reporters.JUnitXMLReporter -->
<testsuite hostname="LAPTOP-TI9COB79" ignored="0" name="Test" tests="4" failures="1" timestamp="08 Jun 2020 10:10:49 GMT" time="0.126" errors="0">
  <testcase name="Test" time="0.03" classname="importantSeleniumConcepts.Test1">
    <skipped/>
  </testcase> <!-- Test -->
  <testcase name="Test" time="0.005" classname="importantSeleniumConcepts.Test1">
    <skipped/>
  </testcase> <!-- Test -->
  <testcase name="Test" time="0.004" classname="importantSeleniumConcepts.Test1">
    <skipped/>
  </testcase> <!-- Test -->
  <testcase name="Test" time="0.002" classname="importantSeleniumConcepts.Test1">
    <failure type="java.lang.AssertionError" message="expected [true] but found [false]">
      <![CDATA[java.lang.AssertionError: expected [true] but found [false]
at importantSeleniumConcepts.Test1.Test(Test1.java:12)
... Removed 29 stack frames]]>
    </failure>
  </testcase> <!-- Test -->
</testsuite> <!-- Test -->
